<?xml version="1.0" encoding="UTF-8"?>
<testsuite name="com.aor.numbers.ListAggregatorTest" tests="4" skipped="0" failures="0" errors="0" timestamp="2023-10-13T11:27:29" hostname="PEDROBOOK" time="0.049">
  <properties/>
  <testcase name="max()" classname="com.aor.numbers.ListAggregatorTest" time="0.033"/>
  <testcase name="min()" classname="com.aor.numbers.ListAggregatorTest" time="0.002"/>
  <testcase name="sum()" classname="com.aor.numbers.ListAggregatorTest" time="0.002"/>
  <testcase name="distinct()" classname="com.aor.numbers.ListAggregatorTest" time="0.004"/>
  <system-out><![CDATA[]]></system-out>
  <system-err><![CDATA[]]></system-err>
</testsuite>
